<?xml version="1.0" encoding="UTF-8"?>
<testng-results ignored="0" total="1" passed="1" failed="0" skipped="0">
  <reporter-output>
  </reporter-output>
  <suite started-at="2024-12-24T14:52:01 IST" name="Default suite" finished-at="2024-12-24T14:52:34 IST" duration-ms="33568">
    <groups>
    </groups>
    <test started-at="2024-12-24T14:52:01 IST" name="Default test" finished-at="2024-12-24T14:52:34 IST" duration-ms="33568">
      <class name="TestCases.TC004_EditYourAccountInformationTest">
        <test-method is-config="true" signature="SetUp()[pri:0, instance:TestCases.TC004_EditYourAccountInformationTest@4b013c76]" started-at="2024-12-24T14:52:01 IST" name="SetUp" finished-at="2024-12-24T14:52:15 IST" duration-ms="14018" status="PASS">
          <reporter-output>
          </reporter-output>
        </test-method> <!-- SetUp -->
        <test-method signature="VerifyEditAccountFunctionalty()[pri:0, instance:TestCases.TC004_EditYourAccountInformationTest@4b013c76]" started-at="2024-12-24T14:52:15 IST" name="VerifyEditAccountFunctionalty" finished-at="2024-12-24T14:52:34 IST" duration-ms="19289" status="PASS">
          <reporter-output>
          </reporter-output>
        </test-method> <!-- VerifyEditAccountFunctionalty -->
        <test-method is-config="true" signature="TearDown()[pri:0, instance:TestCases.TC004_EditYourAccountInformationTest@4b013c76]" started-at="2024-12-24T14:52:34 IST" name="TearDown" finished-at="2024-12-24T14:52:34 IST" duration-ms="202" status="PASS">
          <reporter-output>
          </reporter-output>
        </test-method> <!-- TearDown -->
      </class> <!-- TestCases.TC004_EditYourAccountInformationTest -->
    </test> <!-- Default test -->
  </suite> <!-- Default suite -->
</testng-results>
